<?xml version="1.0" encoding="UTF-8"?>
<testsuite xmlns:xsi="http://www.w3.org/2001/XMLSchema-instance" xsi:noNamespaceSchemaLocation="https://maven.apache.org/surefire/maven-surefire-plugin/xsd/surefire-test-report.xsd" version="3.0.2" name="ma.fstg.security.spring_security_demo.SpringSecurityDemoApplicationTests" time="3.446" tests="1" errors="0" skipped="0" failures="0">
  <properties>
[...]
</properties>
  <testcase name="contextLoads" classname="ma.fstg.security.spring_security_demo.SpringSecurityDemoApplicationTests" time="0.854">
    <system-out><![CDATA[23:35:15.739 [main] INFO org.springframework.test.context.support.AnnotationConfigContextLoaderUtils -- Could not detect default configuration classes for test class [ma.fstg.security.spring_security_demo.SpringSecurityDemoApplicationTests]: SpringSecurityDemoApplicationTests does not declare any static, non-private, non-final, nested classes annotated with @Configuration.
23:35:15.878 [main] INFO org.springframework.boot.test.context.SpringBootTestContextBootstrapper -- Found @SpringBootConfiguration ma.fstg.security.spring_security_demo.SpringSecurityDemoApplication for test class ma.fstg.security.spring_security_demo.SpringSecurityDemoApplicationTests

  .   ____          _            __ _ _
 /\\ / ___'_ __ _ _(_)_ __  __ _ \ \ \ \
( ( )\___ | '_ | '_| | '_ \/ _` | \ \ \ \
 \\/  ___)| |_)| | | | | || (_| |  ) ) ) )
  '  |____| .__|_| |_|_| |_\__, | / / / /
 =========|_|==============|___/=/_/_/_/

 :: Spring Boot ::      (v3.4.12-SNAPSHOT)

2025-11-05T23:35:16.437+01:00  INFO 25540 --- [SpringSecurityDemo] [           main] f.s.s.SpringSecurityDemoApplicationTests : Starting SpringSecurityDemoApplicationTests using Java 21.0.8 with PID 25540 (started by rania in C:\Users\rania\IdeaProjects\spring-security-demo)
2025-11-05T23:35:16.438+01:00  INFO 25540 --- [SpringSecurityDemo] [           main] f.s.s.SpringSecurityDemoApplicationTests : No active profile set, falling back to 1 default profile: "default"
2025-11-05T23:35:17.789+01:00  WARN 25540 --- [SpringSecurityDemo] [           main] ion$DefaultTemplateResolverConfiguration : Cannot find template location: classpath:/templates/ (please add some templates, check your Thymeleaf configuration, or set spring.thymeleaf.check-template-location=false)
2025-11-05T23:35:17.902+01:00  WARN 25540 --- [SpringSecurityDemo] [           main] .s.s.UserDetailsServiceAutoConfiguration : 

Using generated security password: 42c36c36-3812-4e2c-8793-0bff171be77b

This generated password is for development use only. Your security configuration must be updated before running your application in production.

2025-11-05T23:35:17.937+01:00  INFO 25540 --- [SpringSecurityDemo] [           main] r$InitializeUserDetailsManagerConfigurer : Global AuthenticationManager configured with UserDetailsService bean with name inMemoryUserDetailsManager
2025-11-05T23:35:18.152+01:00  INFO 25540 --- [SpringSecurityDemo] [           main] f.s.s.SpringSecurityDemoApplicationTests : Started SpringSecurityDemoApplicationTests in 2.09 seconds (process running for 3.166)
]]></system-out>
    <system-err><![CDATA[Mockito is currently self-attaching to enable the inline-mock-maker. This will no longer work in future releases of the JDK. Please add Mockito as an agent to your build what is described in Mockito's documentation: https://javadoc.io/doc/org.mockito/mockito-core/latest/org/mockito/Mockito.html#0.3
WARNING: A Java agent has been loaded dynamically (C:\Users\rania\.m2\repository\net\bytebuddy\byte-buddy-agent\1.15.11\byte-buddy-agent-1.15.11.jar)
WARNING: If a serviceability tool is in use, please run with -XX:+EnableDynamicAgentLoading to hide this warning
WARNING: If a serviceability tool is not in use, please run with -Djdk.instrument.traceUsage for more information
WARNING: Dynamic loading of agents will be disallowed by default in a future release
]]></system-err>
  </testcase>
</testsuite>